[2024-06-18T11:01:12.945+0000] {local_task_job_runner.py:120} INFO - ::group::Pre task execution logs
[2024-06-18T11:01:12.963+0000] {taskinstance.py:2076} INFO - Dependencies all met for dep_context=non-requeueable deps ti=<TaskInstance: f1_data_pipeline_kafka_consumeAndLoad.consume_and_load_constructorDim manual__2024-06-18T11:01:04.894352+00:00 [queued]>
[2024-06-18T11:01:12.970+0000] {taskinstance.py:2076} INFO - Dependencies all met for dep_context=requeueable deps ti=<TaskInstance: f1_data_pipeline_kafka_consumeAndLoad.consume_and_load_constructorDim manual__2024-06-18T11:01:04.894352+00:00 [queued]>
[2024-06-18T11:01:12.970+0000] {taskinstance.py:2306} INFO - Starting attempt 1 of 1
[2024-06-18T11:01:12.979+0000] {taskinstance.py:2330} INFO - Executing <Task(_PythonDecoratedOperator): consume_and_load_constructorDim> on 2024-06-18 11:01:04.894352+00:00
[2024-06-18T11:01:12.983+0000] {warnings.py:110} WARNING - /home/***/.local/lib/python3.12/site-packages/***/task/task_runner/standard_task_runner.py:61: DeprecationWarning: This process (pid=4167) is multi-threaded, use of fork() may lead to deadlocks in the child.
  pid = os.fork()

[2024-06-18T11:01:12.984+0000] {standard_task_runner.py:63} INFO - Started process 4175 to run task
[2024-06-18T11:01:12.985+0000] {standard_task_runner.py:90} INFO - Running: ['***', 'tasks', 'run', 'f1_data_pipeline_kafka_consumeAndLoad', 'consume_and_load_constructorDim', 'manual__2024-06-18T11:01:04.894352+00:00', '--job-id', '168', '--raw', '--subdir', 'DAGS_FOLDER/ergast_kafka_consume_and_load.py', '--cfg-path', '/tmp/tmpak_pwcxs']
[2024-06-18T11:01:12.986+0000] {standard_task_runner.py:91} INFO - Job 168: Subtask consume_and_load_constructorDim
[2024-06-18T11:01:13.023+0000] {task_command.py:426} INFO - Running <TaskInstance: f1_data_pipeline_kafka_consumeAndLoad.consume_and_load_constructorDim manual__2024-06-18T11:01:04.894352+00:00 [running]> on host 85d13f87db98
[2024-06-18T11:01:13.088+0000] {taskinstance.py:2648} INFO - Exporting env vars: AIRFLOW_CTX_DAG_OWNER='***' AIRFLOW_CTX_DAG_ID='f1_data_pipeline_kafka_consumeAndLoad' AIRFLOW_CTX_TASK_ID='consume_and_load_constructorDim' AIRFLOW_CTX_EXECUTION_DATE='2024-06-18T11:01:04.894352+00:00' AIRFLOW_CTX_TRY_NUMBER='1' AIRFLOW_CTX_DAG_RUN_ID='manual__2024-06-18T11:01:04.894352+00:00'
[2024-06-18T11:01:13.089+0000] {taskinstance.py:430} INFO - ::endgroup::
[2024-06-18T11:01:13.091+0000] {conn.py:362} INFO - <BrokerConnection node_id=bootstrap-0 host=kafka:9092 <connecting> [IPv4 ('172.23.0.6', 9092)]>: connecting to kafka:9092 [('172.23.0.6', 9092) IPv4]
[2024-06-18T11:01:13.091+0000] {conn.py:957} INFO - Probing node bootstrap-0 broker version
[2024-06-18T11:01:13.092+0000] {conn.py:393} INFO - <BrokerConnection node_id=bootstrap-0 host=kafka:9092 <connecting> [IPv4 ('172.23.0.6', 9092)]>: Connection complete.
[2024-06-18T11:01:13.193+0000] {conn.py:1019} INFO - Broker version identified as 2.6.0
[2024-06-18T11:01:13.194+0000] {conn.py:1020} INFO - Set configuration api_version=(2, 6, 0) to skip auto check_version requests on startup
[2024-06-18T11:01:13.194+0000] {consumer.py:122} WARNING - group_id is None: disabling auto-commit.
[2024-06-18T11:01:13.194+0000] {subscription_state.py:167} INFO - Updating subscribed topics to: ('f1_data_topic_constructor',)
[2024-06-18T11:01:13.195+0000] {crypto.py:82} WARNING - empty cryptography key - values will not be stored encrypted.
[2024-06-18T11:01:13.195+0000] {base.py:84} INFO - Using connection ID 'sourcedb_connection' for task execution.
[2024-06-18T11:01:13.196+0000] {taskinstance.py:441} INFO - ::group::Post task execution logs
[2024-06-18T11:01:13.196+0000] {taskinstance.py:2905} ERROR - Task failed with exception
Traceback (most recent call last):
  File "/home/airflow/.local/lib/python3.12/site-packages/airflow/models/taskinstance.py", line 465, in _execute_task
    result = _execute_callable(context=context, **execute_callable_kwargs)
             ^^^^^^^^^^^^^^^^^^^^^^^^^^^^^^^^^^^^^^^^^^^^^^^^^^^^^^^^^^^^^
  File "/home/airflow/.local/lib/python3.12/site-packages/airflow/models/taskinstance.py", line 432, in _execute_callable
    return execute_callable(context=context, **execute_callable_kwargs)
           ^^^^^^^^^^^^^^^^^^^^^^^^^^^^^^^^^^^^^^^^^^^^^^^^^^^^^^^^^^^^
  File "/home/airflow/.local/lib/python3.12/site-packages/airflow/models/baseoperator.py", line 400, in wrapper
    return func(self, *args, **kwargs)
           ^^^^^^^^^^^^^^^^^^^^^^^^^^^
  File "/home/airflow/.local/lib/python3.12/site-packages/airflow/decorators/base.py", line 265, in execute
    return_value = super().execute(context)
                   ^^^^^^^^^^^^^^^^^^^^^^^^
  File "/home/airflow/.local/lib/python3.12/site-packages/airflow/models/baseoperator.py", line 400, in wrapper
    return func(self, *args, **kwargs)
           ^^^^^^^^^^^^^^^^^^^^^^^^^^^
  File "/home/airflow/.local/lib/python3.12/site-packages/airflow/operators/python.py", line 235, in execute
    return_value = self.execute_callable()
                   ^^^^^^^^^^^^^^^^^^^^^^^
  File "/home/airflow/.local/lib/python3.12/site-packages/airflow/operators/python.py", line 252, in execute_callable
    return self.python_callable(*self.op_args, **self.op_kwargs)
           ^^^^^^^^^^^^^^^^^^^^^^^^^^^^^^^^^^^^^^^^^^^^^^^^^^^^^
  File "/opt/airflow/dags/ergast_kafka_consume_and_load.py", line 226, in consume_and_load_constructorDim
    last_message_time = time.time()
                        ^^^^^^^^^
AttributeError: 'builtin_function_or_method' object has no attribute 'time'
[2024-06-18T11:01:13.204+0000] {taskinstance.py:1206} INFO - Marking task as FAILED. dag_id=f1_data_pipeline_kafka_consumeAndLoad, task_id=consume_and_load_constructorDim, run_id=manual__2024-06-18T11:01:04.894352+00:00, execution_date=20240618T110104, start_date=20240618T110112, end_date=20240618T110113
[2024-06-18T11:01:13.212+0000] {standard_task_runner.py:110} ERROR - Failed to execute job 168 for task consume_and_load_constructorDim ('builtin_function_or_method' object has no attribute 'time'; 4175)
[2024-06-18T11:01:13.238+0000] {local_task_job_runner.py:240} INFO - Task exited with return code 1
[2024-06-18T11:01:13.254+0000] {taskinstance.py:3498} INFO - 0 downstream tasks scheduled from follow-on schedule check
[2024-06-18T11:01:13.257+0000] {local_task_job_runner.py:222} INFO - ::endgroup::
