[2024-06-18T11:34:41.946+0000] {local_task_job_runner.py:120} INFO - ::group::Pre task execution logs
[2024-06-18T11:34:41.960+0000] {taskinstance.py:2076} INFO - Dependencies all met for dep_context=non-requeueable deps ti=<TaskInstance: f1_data_pipeline_kafka_consumeAndLoad.consume_and_load_raceResultsFact manual__2024-06-18T11:32:03.264620+00:00 [queued]>
[2024-06-18T11:34:41.965+0000] {taskinstance.py:2076} INFO - Dependencies all met for dep_context=requeueable deps ti=<TaskInstance: f1_data_pipeline_kafka_consumeAndLoad.consume_and_load_raceResultsFact manual__2024-06-18T11:32:03.264620+00:00 [queued]>
[2024-06-18T11:34:41.966+0000] {taskinstance.py:2306} INFO - Starting attempt 1 of 1
[2024-06-18T11:34:41.973+0000] {taskinstance.py:2330} INFO - Executing <Task(_PythonDecoratedOperator): consume_and_load_raceResultsFact> on 2024-06-18 11:32:03.264620+00:00
[2024-06-18T11:34:41.978+0000] {warnings.py:110} WARNING - /home/***/.local/lib/python3.12/site-packages/***/task/task_runner/standard_task_runner.py:61: DeprecationWarning: This process (pid=4800) is multi-threaded, use of fork() may lead to deadlocks in the child.
  pid = os.fork()

[2024-06-18T11:34:41.979+0000] {standard_task_runner.py:63} INFO - Started process 4802 to run task
[2024-06-18T11:34:41.980+0000] {standard_task_runner.py:90} INFO - Running: ['***', 'tasks', 'run', 'f1_data_pipeline_kafka_consumeAndLoad', 'consume_and_load_raceResultsFact', 'manual__2024-06-18T11:32:03.264620+00:00', '--job-id', '229', '--raw', '--subdir', 'DAGS_FOLDER/ergast_kafka_consume_and_load.py', '--cfg-path', '/tmp/tmpxbsm50x3']
[2024-06-18T11:34:41.981+0000] {standard_task_runner.py:91} INFO - Job 229: Subtask consume_and_load_raceResultsFact
[2024-06-18T11:34:42.015+0000] {task_command.py:426} INFO - Running <TaskInstance: f1_data_pipeline_kafka_consumeAndLoad.consume_and_load_raceResultsFact manual__2024-06-18T11:32:03.264620+00:00 [running]> on host 85d13f87db98
[2024-06-18T11:34:42.078+0000] {taskinstance.py:2648} INFO - Exporting env vars: AIRFLOW_CTX_DAG_OWNER='***' AIRFLOW_CTX_DAG_ID='f1_data_pipeline_kafka_consumeAndLoad' AIRFLOW_CTX_TASK_ID='consume_and_load_raceResultsFact' AIRFLOW_CTX_EXECUTION_DATE='2024-06-18T11:32:03.264620+00:00' AIRFLOW_CTX_TRY_NUMBER='1' AIRFLOW_CTX_DAG_RUN_ID='manual__2024-06-18T11:32:03.264620+00:00'
[2024-06-18T11:34:42.080+0000] {taskinstance.py:430} INFO - ::endgroup::
[2024-06-18T11:34:42.081+0000] {conn.py:362} INFO - <BrokerConnection node_id=bootstrap-0 host=kafka:9092 <connecting> [IPv4 ('172.23.0.6', 9092)]>: connecting to kafka:9092 [('172.23.0.6', 9092) IPv4]
[2024-06-18T11:34:42.082+0000] {conn.py:957} INFO - Probing node bootstrap-0 broker version
[2024-06-18T11:34:42.082+0000] {conn.py:393} INFO - <BrokerConnection node_id=bootstrap-0 host=kafka:9092 <connecting> [IPv4 ('172.23.0.6', 9092)]>: Connection complete.
[2024-06-18T11:34:42.184+0000] {conn.py:1019} INFO - Broker version identified as 2.6.0
[2024-06-18T11:34:42.184+0000] {conn.py:1020} INFO - Set configuration api_version=(2, 6, 0) to skip auto check_version requests on startup
[2024-06-18T11:34:42.185+0000] {consumer.py:122} WARNING - group_id is None: disabling auto-commit.
[2024-06-18T11:34:42.185+0000] {subscription_state.py:167} INFO - Updating subscribed topics to: ('your_kafka_topic_raceResults',)
[2024-06-18T11:34:42.186+0000] {crypto.py:82} WARNING - empty cryptography key - values will not be stored encrypted.
[2024-06-18T11:34:42.186+0000] {base.py:84} INFO - Using connection ID 'sourcedb_connection' for task execution.
[2024-06-18T11:34:42.230+0000] {subscription_state.py:253} INFO - Updated partition assignment: [('your_kafka_topic_raceResults', 0)]
[2024-06-18T11:34:42.231+0000] {conn.py:362} INFO - <BrokerConnection node_id=1 host=kafka:9092 <connecting> [IPv4 ('172.23.0.6', 9092)]>: connecting to kafka:9092 [('172.23.0.6', 9092) IPv4]
[2024-06-18T11:34:42.231+0000] {conn.py:393} INFO - <BrokerConnection node_id=1 host=kafka:9092 <connecting> [IPv4 ('172.23.0.6', 9092)]>: Connection complete.
[2024-06-18T11:34:42.232+0000] {conn.py:673} INFO - <BrokerConnection node_id=bootstrap-0 host=kafka:9092 <connected> [IPv4 ('172.23.0.6', 9092)]>: Closing connection. 
[2024-06-18T11:34:42.335+0000] {logging_mixin.py:188} INFO - Skipping message: 'round' key not found in Kafka message.
[2024-06-18T11:34:42.335+0000] {logging_mixin.py:188} INFO - Skipping message: 'round' key not found in Kafka message.
[2024-06-18T11:34:42.335+0000] {logging_mixin.py:188} INFO - Skipping message: 'round' key not found in Kafka message.
[2024-06-18T11:34:42.335+0000] {logging_mixin.py:188} INFO - Skipping message: 'round' key not found in Kafka message.
[2024-06-18T11:34:42.335+0000] {logging_mixin.py:188} INFO - Skipping message: 'round' key not found in Kafka message.
[2024-06-18T11:34:42.335+0000] {logging_mixin.py:188} INFO - Skipping message: 'round' key not found in Kafka message.
[2024-06-18T11:34:42.336+0000] {logging_mixin.py:188} INFO - Skipping message: 'round' key not found in Kafka message.
[2024-06-18T11:34:42.336+0000] {logging_mixin.py:188} INFO - Skipping message: 'round' key not found in Kafka message.
[2024-06-18T11:34:42.336+0000] {logging_mixin.py:188} INFO - Skipping message: 'round' key not found in Kafka message.
[2024-06-18T11:34:42.336+0000] {logging_mixin.py:188} INFO - Skipping message: 'round' key not found in Kafka message.
[2024-06-18T11:34:42.344+0000] {warnings.py:110} WARNING - /opt/***/dags/ergast_kafka_consume_and_load.py:1064: SAWarning: Column 'raceResultsFact.resultId' is marked as a member of the primary key for table 'raceResultsFact', but has no Python-side or server-side default generator indicated, nor does it indicate 'autoincrement=True' or 'nullable=True', and no explicit value is passed.  Primary key columns typically may not store NULL.
  session.execute(insert_stmt)

[2024-06-18T11:34:42.345+0000] {taskinstance.py:441} INFO - ::group::Post task execution logs
[2024-06-18T11:34:42.346+0000] {taskinstance.py:2905} ERROR - Task failed with exception
Traceback (most recent call last):
  File "/home/airflow/.local/lib/python3.12/site-packages/sqlalchemy/engine/base.py", line 1910, in _execute_context
    self.dialect.do_execute(
  File "/home/airflow/.local/lib/python3.12/site-packages/sqlalchemy/engine/default.py", line 736, in do_execute
    cursor.execute(statement, parameters)
psycopg2.errors.NotNullViolation: null value in column "resultId" of relation "raceResultsFact" violates not-null constraint
DETAIL:  Failing row contains (null, 1111, 9, 830, 24933, 70232, 1, 1, 26, 57, 1, 1:32.608, 210.383, 1:31:44.742, 39).


The above exception was the direct cause of the following exception:

Traceback (most recent call last):
  File "/home/airflow/.local/lib/python3.12/site-packages/airflow/models/taskinstance.py", line 465, in _execute_task
    result = _execute_callable(context=context, **execute_callable_kwargs)
             ^^^^^^^^^^^^^^^^^^^^^^^^^^^^^^^^^^^^^^^^^^^^^^^^^^^^^^^^^^^^^
  File "/home/airflow/.local/lib/python3.12/site-packages/airflow/models/taskinstance.py", line 432, in _execute_callable
    return execute_callable(context=context, **execute_callable_kwargs)
           ^^^^^^^^^^^^^^^^^^^^^^^^^^^^^^^^^^^^^^^^^^^^^^^^^^^^^^^^^^^^
  File "/home/airflow/.local/lib/python3.12/site-packages/airflow/models/baseoperator.py", line 400, in wrapper
    return func(self, *args, **kwargs)
           ^^^^^^^^^^^^^^^^^^^^^^^^^^^
  File "/home/airflow/.local/lib/python3.12/site-packages/airflow/decorators/base.py", line 265, in execute
    return_value = super().execute(context)
                   ^^^^^^^^^^^^^^^^^^^^^^^^
  File "/home/airflow/.local/lib/python3.12/site-packages/airflow/models/baseoperator.py", line 400, in wrapper
    return func(self, *args, **kwargs)
           ^^^^^^^^^^^^^^^^^^^^^^^^^^^
  File "/home/airflow/.local/lib/python3.12/site-packages/airflow/operators/python.py", line 235, in execute
    return_value = self.execute_callable()
                   ^^^^^^^^^^^^^^^^^^^^^^^
  File "/home/airflow/.local/lib/python3.12/site-packages/airflow/operators/python.py", line 252, in execute_callable
    return self.python_callable(*self.op_args, **self.op_kwargs)
           ^^^^^^^^^^^^^^^^^^^^^^^^^^^^^^^^^^^^^^^^^^^^^^^^^^^^^
  File "/opt/airflow/dags/ergast_kafka_consume_and_load.py", line 1064, in consume_and_load_raceResultsFact
    session.execute(insert_stmt)
  File "/home/airflow/.local/lib/python3.12/site-packages/sqlalchemy/orm/session.py", line 1717, in execute
    result = conn._execute_20(statement, params or {}, execution_options)
             ^^^^^^^^^^^^^^^^^^^^^^^^^^^^^^^^^^^^^^^^^^^^^^^^^^^^^^^^^^^^
  File "/home/airflow/.local/lib/python3.12/site-packages/sqlalchemy/engine/base.py", line 1710, in _execute_20
    return meth(self, args_10style, kwargs_10style, execution_options)
           ^^^^^^^^^^^^^^^^^^^^^^^^^^^^^^^^^^^^^^^^^^^^^^^^^^^^^^^^^^^
  File "/home/airflow/.local/lib/python3.12/site-packages/sqlalchemy/sql/elements.py", line 334, in _execute_on_connection
    return connection._execute_clauseelement(
           ^^^^^^^^^^^^^^^^^^^^^^^^^^^^^^^^^^
  File "/home/airflow/.local/lib/python3.12/site-packages/sqlalchemy/engine/base.py", line 1577, in _execute_clauseelement
    ret = self._execute_context(
          ^^^^^^^^^^^^^^^^^^^^^^
  File "/home/airflow/.local/lib/python3.12/site-packages/sqlalchemy/engine/base.py", line 1953, in _execute_context
    self._handle_dbapi_exception(
  File "/home/airflow/.local/lib/python3.12/site-packages/sqlalchemy/engine/base.py", line 2134, in _handle_dbapi_exception
    util.raise_(
  File "/home/airflow/.local/lib/python3.12/site-packages/sqlalchemy/util/compat.py", line 211, in raise_
    raise exception
  File "/home/airflow/.local/lib/python3.12/site-packages/sqlalchemy/engine/base.py", line 1910, in _execute_context
    self.dialect.do_execute(
  File "/home/airflow/.local/lib/python3.12/site-packages/sqlalchemy/engine/default.py", line 736, in do_execute
    cursor.execute(statement, parameters)
sqlalchemy.exc.IntegrityError: (psycopg2.errors.NotNullViolation) null value in column "resultId" of relation "raceResultsFact" violates not-null constraint
DETAIL:  Failing row contains (null, 1111, 9, 830, 24933, 70232, 1, 1, 26, 57, 1, 1:32.608, 210.383, 1:31:44.742, 39).

[SQL: INSERT INTO "raceResultsFact" ("raceId", "constructorId", "driverId", "constructorStandingsId", "driverStandingsId", "statusId", "positionOrder", points, laps, grid, "fastestLapTime", "fastestLapSpeed", time, "fastestLap") VALUES (%(raceId)s, %(constructorId)s, %(driverId)s, %(constructorStandingsId)s, %(driverStandingsId)s, %(statusId)s, %(positionOrder)s, %(points)s, %(laps)s, %(grid)s, %(fastestLapTime)s, %(fastestLapSpeed)s, %(time)s, %(fastestLap)s)]
[parameters: {'raceId': 1111, 'constructorId': 9, 'driverId': 830, 'constructorStandingsId': 24933, 'driverStandingsId': 70232, 'statusId': 1, 'positionOrder': 1, 'points': 26.0, 'laps': 57, 'grid': 1, 'fastestLapTime': '1:32.608', 'fastestLapSpeed': 210.383, 'time': '1:31:44.742', 'fastestLap': 39}]
(Background on this error at: https://sqlalche.me/e/14/gkpj)
[2024-06-18T11:34:42.355+0000] {taskinstance.py:1206} INFO - Marking task as FAILED. dag_id=f1_data_pipeline_kafka_consumeAndLoad, task_id=consume_and_load_raceResultsFact, run_id=manual__2024-06-18T11:32:03.264620+00:00, execution_date=20240618T113203, start_date=20240618T113441, end_date=20240618T113442
[2024-06-18T11:34:42.363+0000] {standard_task_runner.py:110} ERROR - Failed to execute job 229 for task consume_and_load_raceResultsFact ((psycopg2.errors.NotNullViolation) null value in column "resultId" of relation "raceResultsFact" violates not-null constraint
DETAIL:  Failing row contains (null, 1111, 9, 830, 24933, 70232, 1, 1, 26, 57, 1, 1:32.608, 210.383, 1:31:44.742, 39).

[SQL: INSERT INTO "raceResultsFact" ("raceId", "constructorId", "driverId", "constructorStandingsId", "driverStandingsId", "statusId", "positionOrder", points, laps, grid, "fastestLapTime", "fastestLapSpeed", time, "fastestLap") VALUES (%(raceId)s, %(constructorId)s, %(driverId)s, %(constructorStandingsId)s, %(driverStandingsId)s, %(statusId)s, %(positionOrder)s, %(points)s, %(laps)s, %(grid)s, %(fastestLapTime)s, %(fastestLapSpeed)s, %(time)s, %(fastestLap)s)]
[parameters: {'raceId': 1111, 'constructorId': 9, 'driverId': 830, 'constructorStandingsId': 24933, 'driverStandingsId': 70232, 'statusId': 1, 'positionOrder': 1, 'points': 26.0, 'laps': 57, 'grid': 1, 'fastestLapTime': '1:32.608', 'fastestLapSpeed': 210.383, 'time': '1:31:44.742', 'fastestLap': 39}]
(Background on this error at: https://sqlalche.me/e/14/gkpj); 4802)
[2024-06-18T11:34:42.393+0000] {local_task_job_runner.py:240} INFO - Task exited with return code 1
[2024-06-18T11:34:42.405+0000] {taskinstance.py:3498} INFO - 0 downstream tasks scheduled from follow-on schedule check
[2024-06-18T11:34:42.406+0000] {local_task_job_runner.py:222} INFO - ::endgroup::
